<?xml version="1.0" encoding="UTF-8"?>
<!-- Generated by org.testng.reporters.JUnitReportReporter -->
<testsuite hostname="Sai-PC" name="day17.AutomatingHiddenComponent" tests="1" failures="0" timestamp="23 Sep 2016 03:23:32 GMT" time="0.672" errors="0">
  <testcase name="hiddenElementTest" time="0.672" classname="day17.AutomatingHiddenComponent"/>
</testsuite> <!-- day17.AutomatingHiddenComponent -->
