<?xml version="1.0" encoding="UTF-8"?>
<!-- Generated by org.testng.reporters.JUnitReportReporter -->
<testsuite hostname="Sai-PC" name="day13.RightClick" tests="1" failures="0" timestamp="19 Sep 2016 03:14:50 GMT" time="0.927" errors="0">
  <testcase name="rightClickTest" time="0.927" classname="day13.RightClick"/>
</testsuite> <!-- day13.RightClick -->
