<?xml version="1.0" encoding="UTF-8"?>
<!-- Generated by org.testng.reporters.JUnitReportReporter -->
<testsuite hostname="Sai-PC" name="day23.DatadrivenTestingOnGrid" tests="2" failures="0" timestamp="1 Oct 2016 07:28:53 GMT" time="127.045" errors="0">
  <testcase name="linkTest" time="61.114" classname="day23.DatadrivenTestingOnGrid"/>
  <testcase name="linkTest" time="65.931" classname="day23.DatadrivenTestingOnGrid"/>
</testsuite> <!-- day23.DatadrivenTestingOnGrid -->
