<?xml version="1.0" encoding="UTF-8"?>
<!-- Generated by org.testng.reporters.JUnitReportReporter -->
<testsuite hostname="Sai-PC" name="day15.Calander" tests="1" failures="0" timestamp="21 Sep 2016 03:14:10 GMT" time="17.240" errors="0">
  <testcase name="webTableTest" time="17.240" classname="day15.Calander"/>
</testsuite> <!-- day15.Calander -->
