<?xml version="1.0" encoding="UTF-8"?>
<!-- Generated by org.testng.reporters.JUnitReportReporter -->
<testsuite hostname="Sai-PC" name="day12.Xpath" tests="1" failures="0" timestamp="17 Sep 2016 02:35:01 GMT" time="31.391" errors="0">
  <testcase name="xpathTest" time="31.391" classname="day12.Xpath"/>
</testsuite> <!-- day12.Xpath -->
