<?xml version="1.0" encoding="UTF-8"?>
<!-- Generated by org.testng.reporters.JUnitReportReporter -->
<testsuite hostname="Sai-PC" name="day17.AlertHandling" tests="1" failures="0" timestamp="23 Sep 2016 03:38:14 GMT" time="4.407" errors="0">
  <testcase name="alertTest" time="4.407" classname="day17.AlertHandling"/>
</testsuite> <!-- day17.AlertHandling -->
