<?xml version="1.0" encoding="UTF-8"?>
<!-- Generated by org.testng.reporters.JUnitReportReporter -->
<testsuite hostname="Sai-PC" name="day21.Login" tests="3" failures="0" timestamp="7 Oct 2016 02:26:39 GMT" time="55.656" errors="0">
  <testcase name="loginTest" time="21.995" classname="day21.Login"/>
  <testcase name="loginTest" time="16.614" classname="day21.Login"/>
  <testcase name="loginTest" time="17.047" classname="day21.Login"/>
</testsuite> <!-- day21.Login -->
