<?xml version="1.0" encoding="UTF-8"?>
<!-- Generated by org.testng.reporters.JUnitReportReporter -->
<testsuite hostname="Sai-PC" name="day16.CookiesTesting" tests="1" failures="0" timestamp="22 Sep 2016 03:13:16 GMT" time="14.305" errors="0">
  <testcase name="cookiesTest" time="14.305" classname="day16.CookiesTesting"/>
</testsuite> <!-- day16.CookiesTesting -->
