<?xml version="1.0" encoding="UTF-8"?>
<!-- Generated by org.testng.reporters.JUnitReportReporter -->
<testsuite hostname="Sai-PC" name="day19.DatadrivenTesting1" tests="1" failures="0" timestamp="26 Sep 2016 03:06:32 GMT" time="65.792" errors="0">
  <testcase name="linksTest" time="65.792" classname="day19.DatadrivenTesting1"/>
</testsuite> <!-- day19.DatadrivenTesting1 -->
