<?xml version="1.0" encoding="UTF-8"?>
<!-- Generated by org.testng.reporters.JUnitReportReporter -->
<testsuite hostname="Sai-PC" name="day19.DatadrivneTesting2" tests="1" failures="0" timestamp="26 Sep 2016 03:40:48 GMT" time="20.685" errors="0">
  <testcase name="linksTest" time="20.685" classname="day19.DatadrivneTesting2"/>
</testsuite> <!-- day19.DatadrivneTesting2 -->
