<?xml version="1.0" encoding="UTF-8"?>
<!-- Generated by org.testng.reporters.JUnitReportReporter -->
<testsuite hostname="Sai-PC" name="day16.AjaxTesting" tests="1" failures="0" timestamp="22 Sep 2016 03:42:54 GMT" time="2.993" errors="0">
  <testcase name="ajaxtest" time="2.993" classname="day16.AjaxTesting"/>
</testsuite> <!-- day16.AjaxTesting -->
