<?xml version="1.0" encoding="UTF-8"?>
<!-- Generated by org.testng.reporters.JUnitReportReporter -->
<testsuite hostname="Sai-PC" name="day14.MultipleWindows" tests="1" failures="0" timestamp="20 Sep 2016 02:45:51 GMT" time="10.402" errors="0">
  <testcase name="windowTest" time="10.402" classname="day14.MultipleWindows"/>
</testsuite> <!-- day14.MultipleWindows -->
