<?xml version="1.0" encoding="UTF-8"?>
<!-- Generated by org.testng.reporters.JUnitReportReporter -->
<testsuite hostname="Sai-PC" name="day12.ExplicitWait_WebDriverwait" tests="1" failures="0" timestamp="17 Sep 2016 03:32:48 GMT" time="71.986" errors="0">
  <testcase name="waitTest" time="71.986" classname="day12.ExplicitWait_WebDriverwait"/>
</testsuite> <!-- day12.ExplicitWait_WebDriverwait -->
