<?xml version="1.0" encoding="UTF-8"?>
<!-- Generated by org.testng.reporters.JUnitReportReporter -->
<testsuite hostname="Sai-PC" name="day13.SliderAutomation" tests="1" failures="0" timestamp="19 Sep 2016 03:42:08 GMT" time="0.566" errors="0">
  <testcase name="sliderTest" time="0.566" classname="day13.SliderAutomation"/>
</testsuite> <!-- day13.SliderAutomation -->
