<?xml version="1.0" encoding="UTF-8"?>
<!-- Generated by org.testng.reporters.JUnitReportReporter -->
<testsuite hostname="Sai-PC" name="day16.DynamicCssSelectors" tests="1" failures="0" timestamp="22 Sep 2016 02:48:25 GMT" time="4.651" errors="0">
  <testcase name="cssTest" time="4.651" classname="day16.DynamicCssSelectors"/>
</testsuite> <!-- day16.DynamicCssSelectors -->
