<?xml version="1.0" encoding="UTF-8"?>
<!-- Generated by org.testng.reporters.JUnitReportReporter -->
<testsuite hostname="Sai-PC" name="day11.XpathCreation2" tests="1" failures="0" timestamp="16 Sep 2016 03:22:31 GMT" time="11.329" errors="0">
  <testcase name="xpathtest" time="11.329" classname="day11.XpathCreation2"/>
</testsuite> <!-- day11.XpathCreation2 -->
