<?xml version="1.0" encoding="UTF-8"?>
<!-- Generated by org.testng.reporters.JUnitReportReporter -->
<testsuite hostname="Sai-PC" name="day10.Sample" tests="2" failures="0" timestamp="13 Sep 2016 02:46:39 GMT" time="0.066" errors="0">
  <testcase name="loginTest" time="0.027" classname="day10.Sample"/>
  <testcase name="registration" time="0.039" classname="day10.Sample"/>
</testsuite> <!-- day10.Sample -->
