<?xml version="1.0" encoding="UTF-8"?>
<!-- Generated by org.testng.reporters.JUnitReportReporter -->
<testsuite hostname="Sai-PC" name="day25.testcases.TestCase2" tests="1" failures="0" timestamp="4 Oct 2016 03:50:55 GMT" time="36.516" errors="0">
  <testcase name="registration" time="36.516" classname="day25.testcases.TestCase2"/>
</testsuite> <!-- day25.testcases.TestCase2 -->
