<?xml version="1.0" encoding="UTF-8"?>
<!-- Generated by org.testng.reporters.JUnitReportReporter -->
<testsuite hostname="Sai-PC" name="day15.WebTableTable" tests="1" failures="0" timestamp="21 Sep 2016 02:32:46 GMT" time="29.119" errors="0">
  <testcase name="webTableTest" time="29.119" classname="day15.WebTableTable"/>
</testsuite> <!-- day15.WebTableTable -->
