<?xml version="1.0" encoding="UTF-8"?>
<!-- Generated by org.testng.reporters.JUnitReportReporter -->
<testsuite hostname="Sai-PC" name="day23.LoginUsingDataProvider" tests="2" failures="0" timestamp="1 Oct 2016 07:54:35 GMT" time="41.155" errors="0">
  <testcase name="loginTest" time="24.889" classname="day23.LoginUsingDataProvider"/>
  <testcase name="loginTest" time="16.266" classname="day23.LoginUsingDataProvider"/>
</testsuite> <!-- day23.LoginUsingDataProvider -->
