<?xml version="1.0" encoding="UTF-8"?>
<!-- Generated by org.testng.reporters.JUnitReportReporter -->
<testsuite hostname="Sai-PC" name="day24.CloudTesting" tests="3" failures="0" timestamp="2 Oct 2016 05:33:12 GMT" time="940.773" errors="0">
  <testcase name="cloudTest" time="298.994" classname="day24.CloudTesting"/>
  <testcase name="cloudTest" time="357.982" classname="day24.CloudTesting"/>
  <testcase name="cloudTest" time="283.797" classname="day24.CloudTesting"/>
</testsuite> <!-- day24.CloudTesting -->
