<?xml version="1.0" encoding="UTF-8"?>
<!-- Generated by org.testng.reporters.JUnitReportReporter -->
<testsuite hostname="Sai-PC" name="day13.DragandDrop" tests="1" failures="0" timestamp="19 Sep 2016 03:28:58 GMT" time="0.916" errors="0">
  <testcase name="dragandDropTest" time="0.916" classname="day13.DragandDrop"/>
</testsuite> <!-- day13.DragandDrop -->
