<?xml version="1.0" encoding="UTF-8"?>
<!-- Generated by org.testng.reporters.JUnitReportReporter -->
<testsuite hostname="Sai-PC" name="day10.ElementPresence" tests="1" failures="0" timestamp="13 Sep 2016 02:57:42 GMT" time="8.102" errors="0">
  <testcase name="elementPresneceTest" time="8.102" classname="day10.ElementPresence"/>
</testsuite> <!-- day10.ElementPresence -->
