<?xml version="1.0" encoding="UTF-8"?>
<!-- Generated by org.testng.reporters.JUnitReportReporter -->
<testsuite hostname="Sai-PC" name="day17.RadioButtonsTesting" tests="1" failures="0" timestamp="23 Sep 2016 03:07:58 GMT" time="5.408" errors="0">
  <testcase name="radioButtonsTest" time="5.408" classname="day17.RadioButtonsTesting"/>
</testsuite> <!-- day17.RadioButtonsTesting -->
