<?xml version="1.0" encoding="UTF-8"?>
<!-- Generated by org.testng.reporters.JUnitReportReporter -->
<testsuite hostname="Sai-PC" name="day11.XpathCreation1" tests="1" failures="0" timestamp="16 Sep 2016 03:08:37 GMT" time="3.209" errors="0">
  <testcase name="xpathtest" time="3.209" classname="day11.XpathCreation1"/>
</testsuite> <!-- day11.XpathCreation1 -->
