<?xml version="1.0" encoding="UTF-8"?>
<!-- Generated by org.testng.reporters.JUnitReportReporter -->
<testsuite hostname="Sai-PC" name="day20.LoginUsingProperties" tests="1" failures="0" timestamp="27 Sep 2016 02:41:56 GMT" time="5.363" errors="0">
  <testcase name="loginTest" time="5.363" classname="day20.LoginUsingProperties"/>
</testsuite> <!-- day20.LoginUsingProperties -->
