<?xml version="1.0" encoding="UTF-8"?>
<!-- Generated by org.testng.reporters.JUnitReportReporter -->
<testsuite hostname="Sai-PC" name="day18.WebtableExcel" tests="1" failures="0" timestamp="24 Sep 2016 03:41:25 GMT" time="30.456" errors="0">
  <testcase name="webTableTest" time="30.456" classname="day18.WebtableExcel"/>
</testsuite> <!-- day18.WebtableExcel -->
