<?xml version="1.0" encoding="UTF-8"?>
<!-- Generated by org.testng.reporters.JUnitReportReporter -->
<testsuite hostname="Sai-PC" name="day12.FluentWaitExample" tests="1" failures="0" timestamp="17 Sep 2016 04:09:30 GMT" time="44.491" errors="0">
  <testcase name="waitTest" time="44.491" classname="day12.FluentWaitExample"/>
</testsuite> <!-- day12.FluentWaitExample -->
