<?xml version="1.0" encoding="UTF-8"?>
<!-- Generated by org.testng.reporters.JUnitReportReporter -->
<testsuite hostname="Sai-PC" name="day28.DBDatadrivenTesting" tests="1" failures="0" timestamp="7 Oct 2016 03:33:46 GMT" time="18.274" errors="0">
  <testcase name="linksTest" time="18.274" classname="day28.DBDatadrivenTesting"/>
</testsuite> <!-- day28.DBDatadrivenTesting -->
