<?xml version="1.0" encoding="UTF-8"?>
<!-- Generated by org.testng.reporters.JUnitReportReporter -->
<testsuite hostname="Sai-PC" name="day12.ImplicitWaitExample" tests="1" failures="0" timestamp="17 Sep 2016 03:10:29 GMT" time="68.468" errors="0">
  <testcase name="waitTest" time="68.468" classname="day12.ImplicitWaitExample"/>
</testsuite> <!-- day12.ImplicitWaitExample -->
