<?xml version="1.0" encoding="UTF-8"?>
<!-- Generated by org.testng.reporters.JUnitReportReporter -->
<testsuite hostname="Sai-PC" name="day11.XpathCreation3" tests="1" failures="0" timestamp="16 Sep 2016 03:46:11 GMT" time="9.609" errors="0">
  <testcase name="xpathTest" time="9.609" classname="day11.XpathCreation3"/>
</testsuite> <!-- day11.XpathCreation3 -->
