<?xml version="1.0" encoding="UTF-8"?>
<!-- Generated by org.testng.reporters.JUnitReportReporter -->
<testsuite hostname="Sai-PC" name="day20.Login" tests="1" failures="0" timestamp="27 Sep 2016 03:21:55 GMT" time="27.988" errors="0">
  <testcase name="loginTest" time="27.988" classname="day20.Login"/>
</testsuite> <!-- day20.Login -->
