<?xml version="1.0" encoding="UTF-8"?>
<!-- Generated by org.testng.reporters.JUnitReportReporter -->
<testsuite hostname="Sai-PC" name="day13.MouseHovering$FrameTest" tests="1" failures="0" timestamp="19 Sep 2016 02:56:25 GMT" time="6.220" errors="0">
  <testcase name="mouseHoverTest" time="6.220" classname="day13.MouseHovering$FrameTest"/>
</testsuite> <!-- day13.MouseHovering$FrameTest -->
