<?xml version="1.0" encoding="UTF-8"?>
<!-- Generated by org.testng.reporters.JUnitReportReporter -->
<testsuite hostname="Sai-PC" name="day25.testcases.TestCase1" tests="1" failures="0" timestamp="4 Oct 2016 03:17:17 GMT" time="32.543" errors="0">
  <testcase name="loginTest" time="32.543" classname="day25.testcases.TestCase1"/>
</testsuite> <!-- day25.testcases.TestCase1 -->
