<?xml version="1.0" encoding="UTF-8"?>
<!-- Generated by org.testng.reporters.JUnitReportReporter -->
<testsuite hostname="Sai-PC" name="day23.LoginusingGrid" tests="1" failures="0" timestamp="1 Oct 2016 06:10:28 GMT" time="17.640" errors="0">
  <testcase name="loginTest" time="17.640" classname="day23.LoginusingGrid"/>
</testsuite> <!-- day23.LoginusingGrid -->
